<?xml version="1.0" encoding="UTF-8"?>
<testng-results ignored="0" total="1" passed="1" failed="0" skipped="0">
  <reporter-output>
  </reporter-output>
  <suite started-at="2021-03-12T10:27:38 PST" name="Default suite" finished-at="2021-03-12T10:27:43 PST" duration-ms="5066">
    <groups>
    </groups>
    <test started-at="2021-03-12T10:27:38 PST" name="Default test" finished-at="2021-03-12T10:27:43 PST" duration-ms="5066">
      <class name="web.org.automation.automation1">
        <test-method signature="Tc_001()[pri:0, instance:web.org.automation.automation1@4278a03f]" started-at="2021-03-12T10:27:38 PST" name="Tc_001" finished-at="2021-03-12T10:27:43 PST" duration-ms="5024" status="PASS">
          <reporter-output>
          </reporter-output>
        </test-method> <!-- Tc_001 -->
      </class> <!-- web.org.automation.automation1 -->
    </test> <!-- Default test -->
  </suite> <!-- Default suite -->
</testng-results>
